<?xml version="1.0" encoding="UTF-8"?>
<!-- Generated by org.testng.reporters.JUnitXMLReporter -->
<testsuite ignored="0" hostname="DESKTOP-EDKNOOU" failures="2" tests="2" name="Hybrid_FrameWork_1.0" time="30.239" errors="0" timestamp="2022-04-21T20:52:25 EDT">
  <testcase classname="testCases.TC_001_AccountRegistration" name="test_accout_Registration" time="12.479">
    <failure type="java.lang.AssertionError" message="null">
      <![CDATA[java.lang.AssertionError: null
at testCases.TC_001_AccountRegistration.test_accout_Registration(TC_001_AccountRegistration.java:73)
at java.base/java.util.ArrayList.forEach(ArrayList.java:1511)
... Removed 29 stack frames]]>
    </failure>
  </testcase> <!-- test_accout_Registration -->
  <testcase classname="testCases.TC_002_Login" name="test_Login" time="12.423">
    <failure type="java.lang.AssertionError" message="null">
      <![CDATA[java.lang.AssertionError: null
at testCases.TC_002_Login.test_Login(TC_002_Login.java:59)
at java.base/java.util.ArrayList.forEach(ArrayList.java:1511)
... Removed 29 stack frames]]>
    </failure>
  </testcase> <!-- test_Login -->
</testsuite> <!-- Hybrid_FrameWork_1.0 -->
