<?xml version="1.0" encoding="UTF-8"?>
<!-- Generated by org.testng.reporters.JUnitXMLReporter -->
<testsuite ignored="0" hostname="DESKTOP-EDKNOOU" failures="1" tests="1" name="OpenCart Tests" time="14.893" errors="0" timestamp="2022-04-21T21:40:23 EDT">
  <testcase classname="testCases.TC_001_AccountRegistration" name="test_accout_Registration" time="10.467">
    <failure type="java.lang.AssertionError" message="null">
      <![CDATA[java.lang.AssertionError: null
at testCases.TC_001_AccountRegistration.test_accout_Registration(TC_001_AccountRegistration.java:73)
at java.base/java.util.ArrayList.forEach(ArrayList.java:1511)
... Removed 29 stack frames]]>
    </failure>
  </testcase> <!-- test_accout_Registration -->
</testsuite> <!-- OpenCart Tests -->
